0 info it worked if it ends with ok
1 verbose cli [ 'C:\\Program Files\\nodejs\\node.exe',
1 verbose cli   'C:\\Program Files\\nodejs\\node_modules\\npm\\bin\\npm-cli.js',
1 verbose cli   'run',
1 verbose cli   'dev' ]
2 info using npm@3.10.10
3 info using node@v6.10.1
4 verbose run-script [ 'predev', 'dev', 'postdev' ]
5 info lifecycle nz-tourism-stats@1.0.0~predev: nz-tourism-stats@1.0.0
6 silly lifecycle nz-tourism-stats@1.0.0~predev: no script for predev, continuing
7 info lifecycle nz-tourism-stats@1.0.0~dev: nz-tourism-stats@1.0.0
8 verbose lifecycle nz-tourism-stats@1.0.0~dev: unsafe-perm in lifecycle true
9 verbose lifecycle nz-tourism-stats@1.0.0~dev: PATH: C:\Program Files\nodejs\node_modules\npm\bin\node-gyp-bin;C:\Users\Tom\Documents\nz-tourism-analytics\node_modules\.bin;C:\ProgramData\Oracle\Java\javapath;C:\Program Files\Broadcom\Broadcom 802.11;C:\Program Files (x86)\Intel\iCLS Client\;C:\Program Files\Intel\iCLS Client\;C:\Windows\system32;C:\Windows;C:\Windows\System32\Wbem;C:\Windows\System32\WindowsPowerShell\v1.0\;C:\Program Files\Hewlett-Packard\SimplePass\;C:\Program Files\Intel\Intel(R) Management Engine Components\DAL;C:\Program Files\Intel\Intel(R) Management Engine Components\IPT;C:\Program Files (x86)\Intel\Intel(R) Management Engine Components\DAL;C:\Program Files (x86)\Intel\Intel(R) Management Engine Components\IPT;C:\Program Files (x86)\NVIDIA Corporation\PhysX\Common;c:\Program Files (x86)\Microsoft SQL Server\110\Tools\Binn\;c:\Program Files\Microsoft SQL Server\110\Tools\Binn\;c:\Program Files\Microsoft SQL Server\110\DTS\Binn\;c:\Program Files (x86)\Microsoft SQL Server\110\Tools\Binn\ManagementStudio\;c:\Program Files (x86)\Microsoft SQL Server\110\DTS\Binn\;C:\WINDOWS\system32\config\systemprofile\.dnx\bin;C:\Program Files\Microsoft DNX\Dnvm\;C:\WINDOWS\system32;C:\WINDOWS;C:\WINDOWS\System32\Wbem;C:\WINDOWS\System32\WindowsPowerShell\v1.0\;C:\Program Files\Cloud Foundry;C:\Program Files\nodejs\;C:\Program Files (x86)\Skype\Phone\;C:\Program Files\Git\cmd;C:\Users\Tom\AppData\Local\Microsoft\WindowsApps;C:\Users\Tom\AppData\Roaming\npm;C:\Program Files (x86)\Microsoft VS Code\bin
10 verbose lifecycle nz-tourism-stats@1.0.0~dev: CWD: C:\Users\Tom\Documents\nz-tourism-analytics
11 silly lifecycle nz-tourism-stats@1.0.0~dev: Args: [ '/d /s /c', 'webpack-dev-server --inline --hot' ]
12 silly lifecycle nz-tourism-stats@1.0.0~dev: Returned: code: 3221225786  signal: null
13 info lifecycle nz-tourism-stats@1.0.0~dev: Failed to exec dev script
14 verbose stack Error: nz-tourism-stats@1.0.0 dev: `webpack-dev-server --inline --hot`
14 verbose stack Exit status 3221225786
14 verbose stack     at EventEmitter.<anonymous> (C:\Program Files\nodejs\node_modules\npm\lib\utils\lifecycle.js:255:16)
14 verbose stack     at emitTwo (events.js:106:13)
14 verbose stack     at EventEmitter.emit (events.js:191:7)
14 verbose stack     at ChildProcess.<anonymous> (C:\Program Files\nodejs\node_modules\npm\lib\utils\spawn.js:40:14)
14 verbose stack     at emitTwo (events.js:106:13)
14 verbose stack     at ChildProcess.emit (events.js:191:7)
14 verbose stack     at maybeClose (internal/child_process.js:886:16)
14 verbose stack     at Process.ChildProcess._handle.onexit (internal/child_process.js:226:5)
15 verbose pkgid nz-tourism-stats@1.0.0
16 verbose cwd C:\Users\Tom\Documents\nz-tourism-analytics
17 error Windows_NT 10.0.14393
18 error argv "C:\\Program Files\\nodejs\\node.exe" "C:\\Program Files\\nodejs\\node_modules\\npm\\bin\\npm-cli.js" "run" "dev"
19 error node v6.10.1
20 error npm  v3.10.10
21 error code ELIFECYCLE
22 error nz-tourism-stats@1.0.0 dev: `webpack-dev-server --inline --hot`
22 error Exit status 3221225786
23 error Failed at the nz-tourism-stats@1.0.0 dev script 'webpack-dev-server --inline --hot'.
23 error Make sure you have the latest version of node.js and npm installed.
23 error If you do, this is most likely a problem with the nz-tourism-stats package,
23 error not with npm itself.
23 error Tell the author that this fails on your system:
23 error     webpack-dev-server --inline --hot
23 error You can get information on how to open an issue for this project with:
23 error     npm bugs nz-tourism-stats
23 error Or if that isn't available, you can get their info via:
23 error     npm owner ls nz-tourism-stats
23 error There is likely additional logging output above.
24 verbose exit [ 1, true ]
